INFO: 2026/02/09 13:11:53 auth.go:47: 账号已被禁用或不存在，用户ID: 2
ERROR: 2026/02/09 13:14:32 auth.go:40: Token解析失败: token has invalid claims: token is expired
INFO: 2026/02/09 13:14:41 login.go:54: 登录成功，用户名: lzh123, 用户ID: 1
INFO: 2026/02/09 13:14:54 auth.go:47: 账号已被禁用或不存在，用户ID: 1
INFO: 2026/02/09 13:14:56 auth.go:47: 账号已被禁用或不存在，用户ID: 1
INFO: 2026/02/09 13:14:57 auth.go:47: 账号已被禁用或不存在，用户ID: 1
INFO: 2026/02/09 13:14:58 auth.go:47: 账号已被禁用或不存在，用户ID: 1
INFO: 2026/02/09 13:14:59 auth.go:47: 账号已被禁用或不存在，用户ID: 1
INFO: 2026/02/09 13:14:59 auth.go:47: 账号已被禁用或不存在，用户ID: 1
INFO: 2026/02/09 13:15:00 auth.go:47: 账号已被禁用或不存在，用户ID: 1
INFO: 2026/02/09 13:15:00 auth.go:47: 账号已被禁用或不存在，用户ID: 1
INFO: 2026/02/09 13:19:44 auth.go:47: 账号已被禁用或不存在，用户ID: 1
INFO: 2026/02/09 13:20:07 login.go:33: 登录失败，账户已被禁用，用户名: lzh123
INFO: 2026/02/09 13:20:33 login.go:54: 登录成功，用户名: lzh123, 用户ID: 1
INFO: 2026/02/09 13:32:21 login.go:54: 登录成功，用户名: lzh123, 用户ID: 1
INFO: 2026/02/09 13:32:32 auth.go:47: 账号已被禁用或不存在，用户ID: 1
INFO: 2026/02/09 13:32:45 login.go:33: 登录失败，账户已被禁用，用户名: lzh123
INFO: 2026/02/09 13:39:39 login.go:33: 登录失败，账户已被禁用，用户名: lzh123
INFO: 2026/02/09 13:43:34 login.go:54: 登录成功，用户名: xyx123, 用户ID: 3
INFO: 2026/02/09 13:43:42 auth.go:47: 账号已被禁用或不存在，用户ID: 3
INFO: 2026/02/09 13:44:20 auth.go:47: 账号已被禁用或不存在，用户ID: 3
INFO: 2026/02/09 13:45:55 login.go:54: 登录成功，用户名: lzh123, 用户ID: 1
INFO: 2026/02/09 13:46:01 auth.go:47: 账号已被禁用或不存在，用户ID: 1
INFO: 2026/02/09 14:25:30 login.go:33: 登录失败，账户已被禁用，用户名: lzh123
INFO: 2026/02/09 14:25:38 login.go:33: 登录失败，账户已被禁用，用户名: xyx123
INFO: 2026/02/09 14:26:01 login.go:54: 登录成功，用户名: lzh123, 用户ID: 1
INFO: 2026/02/09 14:26:14 auth.go:47: 账号已被禁用或不存在，用户ID: 1
INFO: 2026/02/09 14:26:23 login.go:33: 登录失败，账户已被禁用，用户名: lzh123
INFO: 2026/02/09 18:57:25 login.go:33: 登录失败，账户已被禁用，用户名: lzh123
INFO: 2026/02/09 19:27:10 login.go:16: 登录请求方法错误: GET
INFO: 2026/02/09 19:38:58 login.go:16: 登录请求方法错误: POST
INFO: 2026/02/09 19:39:01 login.go:16: 登录请求方法错误: POST
INFO: 2026/02/09 19:39:07 login.go:16: 登录请求方法错误: POST
INFO: 2026/02/09 20:01:49 login.go:16: 登录请求方法错误: POST
INFO: 2026/02/09 20:02:19 login.go:33: 登录失败，账户已被禁用，用户名: lzh123
INFO: 2026/02/09 20:02:54 login.go:54: 登录成功，用户名: lzh123, 用户ID: 1
INFO: 2026/02/09 20:07:30 register.go:55: 注册成功，用户名: zlh123, 用户ID: 14
INFO: 2026/02/09 20:14:08 register.go:12: 注册请求方法错误: GET
INFO: 2026/02/09 20:15:08 register.go:55: 注册成功，用户名: lzh123, 用户ID: 15
INFO: 2026/02/09 20:26:35 login.go:54: 登录成功，用户名: lzh123, 用户ID: 1
INFO: 2026/02/09 21:02:38 login.go:54: 登录成功，用户名: zjy123, 用户ID: 5
INFO: 2026/02/09 21:22:05 register.go:55: 注册成功，用户名: wzx_123, 用户ID: 16
INFO: 2026/02/09 21:22:13 login.go:54: 登录成功，用户名: wzx_123, 用户ID: 16
INFO: 2026/02/09 21:22:49 auth.go:59: 账号已被禁用或不存在，用户ID: 16
INFO: 2026/02/09 21:23:04 login.go:33: 登录失败，账户已被禁用，用户名: wzx_123
INFO: 2026/02/09 21:23:31 login.go:33: 登录失败，账户已被禁用，用户名: wzx_123
INFO: 2026/02/09 21:23:40 login.go:33: 登录失败，账户已被禁用，用户名: wzx_123
INFO: 2026/02/09 21:23:43 login.go:54: 登录成功，用户名: wzx_123, 用户ID: 16
INFO: 2026/02/09 21:29:21 login.go:54: 登录成功，用户名: wzx_123, 用户ID: 16
