INFO: 2026/02/10 14:43:37 main.go:17: 日志记录器初始化成功
INFO: 2026/02/10 14:43:37 main.go:20: 正在连接数据库...
INFO: 2026/02/10 14:43:37 mysql.go:31: 成功连接到MySQL数据库！
INFO: 2026/02/10 14:43:37 main.go:23: 数据库连接成功
INFO: 2026/02/10 14:43:37 main.go:26: 正在设置路由...
INFO: 2026/02/10 14:43:37 main.go:28: 路由设置成功
INFO: 2026/02/10 14:43:37 main.go:32: 服务器已启动，监听地址：http://localhost::8090
ERROR: 2026/02/10 14:43:37 main.go:36: 服务器启动失败: listen tcp :8090: bind: Only one usage of each socket address (protocol/network address/port) is normally permitted.
INFO: 2026/02/10 14:46:31 main.go:17: 日志记录器初始化成功
INFO: 2026/02/10 14:46:31 main.go:20: 正在连接数据库...
INFO: 2026/02/10 14:46:31 mysql.go:31: 成功连接到MySQL数据库！
INFO: 2026/02/10 14:46:31 main.go:23: 数据库连接成功
INFO: 2026/02/10 14:46:31 main.go:26: 正在设置路由...
INFO: 2026/02/10 14:46:31 main.go:28: 路由设置成功
INFO: 2026/02/10 14:46:31 main.go:32: 服务器已启动，监听地址：http://localhost::8091
INFO: 2026/02/10 14:50:55 main.go:17: 日志记录器初始化成功
INFO: 2026/02/10 14:50:55 main.go:20: 正在连接数据库...
INFO: 2026/02/10 14:50:55 mysql.go:31: 成功连接到MySQL数据库！
INFO: 2026/02/10 14:50:55 main.go:23: 数据库连接成功
INFO: 2026/02/10 14:50:55 main.go:26: 正在设置路由...
INFO: 2026/02/10 14:50:55 main.go:28: 路由设置成功
INFO: 2026/02/10 14:50:55 main.go:32: 服务器已启动，监听地址：http://localhost::8090
ERROR: 2026/02/10 14:50:55 main.go:36: 服务器启动失败: listen tcp :8090: bind: Only one usage of each socket address (protocol/network address/port) is normally permitted.
INFO: 2026/02/10 14:51:40 main.go:17: 日志记录器初始化成功
INFO: 2026/02/10 14:51:40 main.go:20: 正在连接数据库...
INFO: 2026/02/10 14:51:40 mysql.go:31: 成功连接到MySQL数据库！
INFO: 2026/02/10 14:51:40 main.go:23: 数据库连接成功
INFO: 2026/02/10 14:51:40 main.go:26: 正在设置路由...
INFO: 2026/02/10 14:51:40 main.go:28: 路由设置成功
INFO: 2026/02/10 14:51:40 main.go:32: 服务器已启动，监听地址：http://localhost::8091
INFO: 2026/02/10 14:59:23 main.go:17: 日志记录器初始化成功
INFO: 2026/02/10 14:59:23 main.go:20: 正在连接数据库...
INFO: 2026/02/10 14:59:23 mysql.go:31: 成功连接到MySQL数据库！
INFO: 2026/02/10 14:59:23 main.go:23: 数据库连接成功
INFO: 2026/02/10 14:59:23 main.go:26: 正在设置路由...
INFO: 2026/02/10 14:59:23 main.go:28: 路由设置成功
INFO: 2026/02/10 14:59:23 main.go:32: 服务器已启动，监听地址：http://localhost::8090
ERROR: 2026/02/10 14:59:23 main.go:36: 服务器启动失败: listen tcp :8090: bind: Only one usage of each socket address (protocol/network address/port) is normally permitted.
INFO: 2026/02/10 15:01:52 main.go:17: 日志记录器初始化成功
INFO: 2026/02/10 15:01:52 main.go:20: 正在连接数据库...
INFO: 2026/02/10 15:01:52 mysql.go:31: 成功连接到MySQL数据库！
INFO: 2026/02/10 15:01:52 main.go:23: 数据库连接成功
INFO: 2026/02/10 15:01:52 main.go:26: 正在设置路由...
INFO: 2026/02/10 15:01:52 main.go:28: 路由设置成功
INFO: 2026/02/10 15:01:52 main.go:32: 服务器已启动，监听地址：http://localhost::8091
INFO: 2026/02/10 15:05:06 main.go:17: 日志记录器初始化成功
INFO: 2026/02/10 15:05:06 main.go:20: 正在连接数据库...
INFO: 2026/02/10 15:05:06 mysql.go:31: 成功连接到MySQL数据库！
INFO: 2026/02/10 15:05:06 main.go:23: 数据库连接成功
INFO: 2026/02/10 15:05:06 main.go:26: 正在设置路由...
INFO: 2026/02/10 15:05:06 main.go:28: 路由设置成功
INFO: 2026/02/10 15:05:06 main.go:32: 服务器已启动，监听地址：http://localhost::8091
INFO: 2026/02/10 15:26:56 main.go:17: 日志记录器初始化成功
INFO: 2026/02/10 15:26:56 main.go:20: 正在连接数据库...
INFO: 2026/02/10 15:26:56 mysql.go:31: 成功连接到MySQL数据库！
INFO: 2026/02/10 15:26:56 main.go:23: 数据库连接成功
INFO: 2026/02/10 15:26:56 main.go:26: 正在设置路由...
INFO: 2026/02/10 15:26:56 main.go:28: 路由设置成功
INFO: 2026/02/10 15:26:56 main.go:32: 服务器已启动，监听地址：http://localhost::8090
ERROR: 2026/02/10 15:26:56 main.go:36: 服务器启动失败: listen tcp :8090: bind: Only one usage of each socket address (protocol/network address/port) is normally permitted.
INFO: 2026/02/10 15:29:25 main.go:17: 日志记录器初始化成功
INFO: 2026/02/10 15:29:25 main.go:20: 正在连接数据库...
INFO: 2026/02/10 15:29:25 mysql.go:31: 成功连接到MySQL数据库！
INFO: 2026/02/10 15:29:25 main.go:23: 数据库连接成功
INFO: 2026/02/10 15:29:25 main.go:26: 正在设置路由...
INFO: 2026/02/10 15:29:25 main.go:28: 路由设置成功
INFO: 2026/02/10 15:29:25 main.go:32: 服务器已启动，监听地址：http://localhost::8091
INFO: 2026/02/10 15:44:50 main.go:17: 日志记录器初始化成功
INFO: 2026/02/10 15:44:50 main.go:20: 正在连接数据库...
INFO: 2026/02/10 15:44:50 mysql.go:31: 成功连接到MySQL数据库！
INFO: 2026/02/10 15:44:50 main.go:23: 数据库连接成功
INFO: 2026/02/10 15:44:50 main.go:26: 正在设置路由...
INFO: 2026/02/10 15:44:50 main.go:28: 路由设置成功
INFO: 2026/02/10 15:44:50 main.go:32: 服务器已启动，监听地址：http://localhost::8091
INFO: 2026/02/10 16:09:40 main.go:17: 日志记录器初始化成功
INFO: 2026/02/10 16:09:40 main.go:20: 正在连接数据库...
INFO: 2026/02/10 16:09:40 mysql.go:31: 成功连接到MySQL数据库！
INFO: 2026/02/10 16:09:40 main.go:23: 数据库连接成功
INFO: 2026/02/10 16:09:40 main.go:26: 正在设置路由...
INFO: 2026/02/10 16:09:40 main.go:28: 路由设置成功
INFO: 2026/02/10 16:09:40 main.go:32: 服务器已启动，监听地址：http://localhost::8091
INFO: 2026/02/10 16:32:35 main.go:17: 日志记录器初始化成功
INFO: 2026/02/10 16:32:35 main.go:20: 正在连接数据库...
INFO: 2026/02/10 16:32:35 mysql.go:31: 成功连接到MySQL数据库！
INFO: 2026/02/10 16:32:35 main.go:23: 数据库连接成功
INFO: 2026/02/10 16:32:35 main.go:26: 正在设置路由...
INFO: 2026/02/10 16:32:35 main.go:28: 路由设置成功
INFO: 2026/02/10 16:32:35 main.go:32: 服务器已启动，监听地址：http://localhost::8091
INFO: 2026/02/10 16:45:59 main.go:17: 日志记录器初始化成功
INFO: 2026/02/10 16:45:59 main.go:20: 正在连接数据库...
INFO: 2026/02/10 16:45:59 mysql.go:31: 成功连接到MySQL数据库！
INFO: 2026/02/10 16:45:59 main.go:23: 数据库连接成功
INFO: 2026/02/10 16:45:59 main.go:26: 正在设置路由...
INFO: 2026/02/10 16:45:59 main.go:28: 路由设置成功
INFO: 2026/02/10 16:45:59 main.go:32: 服务器已启动，监听地址：http://localhost::8091
INFO: 2026/02/10 16:50:37 main.go:17: 日志记录器初始化成功
INFO: 2026/02/10 16:50:37 main.go:20: 正在连接数据库...
INFO: 2026/02/10 16:50:37 mysql.go:31: 成功连接到MySQL数据库！
INFO: 2026/02/10 16:50:37 main.go:23: 数据库连接成功
INFO: 2026/02/10 16:50:37 main.go:26: 正在设置路由...
INFO: 2026/02/10 16:50:37 main.go:28: 路由设置成功
INFO: 2026/02/10 16:50:37 main.go:32: 服务器已启动，监听地址：http://localhost::8091
