INFO: 2026/02/10 08:25:18 main.go:17: 日志记录器初始化成功
INFO: 2026/02/10 08:25:18 main.go:20: 正在连接数据库...
INFO: 2026/02/10 08:25:18 mysql.go:31: 成功连接到MySQL数据库！
INFO: 2026/02/10 08:25:18 main.go:23: 数据库连接成功
INFO: 2026/02/10 08:25:18 main.go:26: 正在设置路由...
INFO: 2026/02/10 08:25:18 main.go:28: 路由设置成功
INFO: 2026/02/10 08:25:18 main.go:32: 服务器已启动，监听地址：http://localhost::8090
INFO: 2026/02/10 08:27:37 main.go:17: 日志记录器初始化成功
INFO: 2026/02/10 08:27:37 main.go:20: 正在连接数据库...
INFO: 2026/02/10 08:27:37 mysql.go:31: 成功连接到MySQL数据库！
INFO: 2026/02/10 08:27:37 main.go:23: 数据库连接成功
INFO: 2026/02/10 08:27:37 main.go:26: 正在设置路由...
INFO: 2026/02/10 08:27:37 main.go:28: 路由设置成功
INFO: 2026/02/10 08:27:37 main.go:32: 服务器已启动，监听地址：http://localhost::8090
INFO: 2026/02/10 08:54:12 main.go:17: 日志记录器初始化成功
INFO: 2026/02/10 08:54:12 main.go:20: 正在连接数据库...
INFO: 2026/02/10 08:54:12 mysql.go:31: 成功连接到MySQL数据库！
INFO: 2026/02/10 08:54:12 main.go:23: 数据库连接成功
INFO: 2026/02/10 08:54:12 main.go:26: 正在设置路由...
INFO: 2026/02/10 08:54:12 main.go:28: 路由设置成功
INFO: 2026/02/10 08:54:12 main.go:32: 服务器已启动，监听地址：http://localhost::8090
INFO: 2026/02/10 14:48:13 main.go:17: 日志记录器初始化成功
INFO: 2026/02/10 14:48:13 main.go:20: 正在连接数据库...
INFO: 2026/02/10 14:48:13 mysql.go:31: 成功连接到MySQL数据库！
INFO: 2026/02/10 14:48:13 main.go:23: 数据库连接成功
INFO: 2026/02/10 14:48:13 main.go:26: 正在设置路由...
INFO: 2026/02/10 14:48:13 main.go:28: 路由设置成功
INFO: 2026/02/10 14:48:13 main.go:32: 服务器已启动，监听地址：http://localhost::8091
ERROR: 2026/02/10 14:48:13 main.go:36: 服务器启动失败: listen tcp :8091: bind: Only one usage of each socket address (protocol/network address/port) is normally permitted.
INFO: 2026/02/10 14:48:24 main.go:17: 日志记录器初始化成功
INFO: 2026/02/10 14:48:24 main.go:20: 正在连接数据库...
INFO: 2026/02/10 14:48:24 mysql.go:31: 成功连接到MySQL数据库！
INFO: 2026/02/10 14:48:24 main.go:23: 数据库连接成功
INFO: 2026/02/10 14:48:24 main.go:26: 正在设置路由...
INFO: 2026/02/10 14:48:24 main.go:28: 路由设置成功
INFO: 2026/02/10 14:48:24 main.go:32: 服务器已启动，监听地址：http://localhost::8090
INFO: 2026/02/10 14:52:37 main.go:17: 日志记录器初始化成功
INFO: 2026/02/10 14:52:37 main.go:20: 正在连接数据库...
INFO: 2026/02/10 14:52:37 mysql.go:31: 成功连接到MySQL数据库！
INFO: 2026/02/10 14:52:37 main.go:23: 数据库连接成功
INFO: 2026/02/10 14:52:37 main.go:26: 正在设置路由...
INFO: 2026/02/10 14:52:37 main.go:28: 路由设置成功
INFO: 2026/02/10 14:52:37 main.go:32: 服务器已启动，监听地址：http://localhost::8090
INFO: 2026/02/10 15:17:57 main.go:17: 日志记录器初始化成功
INFO: 2026/02/10 15:17:57 main.go:20: 正在连接数据库...
INFO: 2026/02/10 15:17:57 mysql.go:31: 成功连接到MySQL数据库！
INFO: 2026/02/10 15:17:57 main.go:23: 数据库连接成功
INFO: 2026/02/10 15:17:57 main.go:26: 正在设置路由...
INFO: 2026/02/10 15:17:57 main.go:28: 路由设置成功
INFO: 2026/02/10 15:17:57 main.go:32: 服务器已启动，监听地址：http://localhost::8090
INFO: 2026/02/10 16:53:48 main.go:17: 日志记录器初始化成功
INFO: 2026/02/10 16:53:48 main.go:20: 正在连接数据库...
INFO: 2026/02/10 16:53:48 mysql.go:31: 成功连接到MySQL数据库！
INFO: 2026/02/10 16:53:48 main.go:23: 数据库连接成功
INFO: 2026/02/10 16:53:48 main.go:26: 正在设置路由...
INFO: 2026/02/10 16:53:48 main.go:28: 路由设置成功
INFO: 2026/02/10 16:53:48 main.go:32: 服务器已启动，监听地址：http://localhost::8091
ERROR: 2026/02/10 16:53:48 main.go:36: 服务器启动失败: listen tcp :8091: bind: Only one usage of each socket address (protocol/network address/port) is normally permitted.
INFO: 2026/02/10 16:54:23 main.go:17: 日志记录器初始化成功
INFO: 2026/02/10 16:54:23 main.go:20: 正在连接数据库...
INFO: 2026/02/10 16:54:23 mysql.go:31: 成功连接到MySQL数据库！
INFO: 2026/02/10 16:54:23 main.go:23: 数据库连接成功
INFO: 2026/02/10 16:54:23 main.go:26: 正在设置路由...
INFO: 2026/02/10 16:54:23 main.go:28: 路由设置成功
INFO: 2026/02/10 16:54:23 main.go:32: 服务器已启动，监听地址：http://localhost::8090
INFO: 2026/02/10 19:33:54 main.go:17: 日志记录器初始化成功
INFO: 2026/02/10 19:33:54 main.go:20: 正在连接数据库...
INFO: 2026/02/10 19:33:54 mysql.go:31: 成功连接到MySQL数据库！
INFO: 2026/02/10 19:33:54 main.go:23: 数据库连接成功
INFO: 2026/02/10 19:33:54 main.go:26: 正在设置路由...
INFO: 2026/02/10 19:33:54 main.go:28: 路由设置成功
INFO: 2026/02/10 19:33:54 main.go:32: 服务器已启动，监听地址：http://localhost::8090
INFO: 2026/02/10 19:39:29 mysql.go:45: 插入成功，用户ID为：17
INFO: 2026/02/10 19:40:47 mysql.go:45: 插入成功，用户ID为：18
INFO: 2026/02/10 19:50:00 mysql.go:45: 插入成功，用户ID为：19
