INFO: 2026/02/09 13:02:44 main.go:12: 日志记录器初始化成功
INFO: 2026/02/09 13:02:44 main.go:15: 正在连接数据库...
INFO: 2026/02/09 13:02:44 mysql.go:31: 成功连接到MySQL数据库！
INFO: 2026/02/09 13:02:44 main.go:18: 数据库连接成功
INFO: 2026/02/09 13:02:44 main.go:21: 正在设置路由...
INFO: 2026/02/09 13:02:44 main.go:23: 路由设置成功
INFO: 2026/02/09 13:02:44 main.go:27: 服务器已启动，监听地址：http://localhost::8090
INFO: 2026/02/09 13:06:05 main.go:12: 日志记录器初始化成功
INFO: 2026/02/09 13:06:05 main.go:15: 正在连接数据库...
INFO: 2026/02/09 13:06:05 mysql.go:31: 成功连接到MySQL数据库！
INFO: 2026/02/09 13:06:05 main.go:18: 数据库连接成功
INFO: 2026/02/09 13:06:05 main.go:21: 正在设置路由...
INFO: 2026/02/09 13:06:05 main.go:23: 路由设置成功
INFO: 2026/02/09 13:06:05 main.go:27: 服务器已启动，监听地址：http://localhost::8090
INFO: 2026/02/09 13:19:40 main.go:12: 日志记录器初始化成功
INFO: 2026/02/09 13:19:40 main.go:15: 正在连接数据库...
INFO: 2026/02/09 13:19:40 mysql.go:31: 成功连接到MySQL数据库！
INFO: 2026/02/09 13:19:40 main.go:18: 数据库连接成功
INFO: 2026/02/09 13:19:40 main.go:21: 正在设置路由...
INFO: 2026/02/09 13:19:40 main.go:23: 路由设置成功
INFO: 2026/02/09 13:19:40 main.go:27: 服务器已启动，监听地址：http://localhost::8090
INFO: 2026/02/09 13:31:45 main.go:12: 日志记录器初始化成功
INFO: 2026/02/09 13:31:45 main.go:15: 正在连接数据库...
INFO: 2026/02/09 13:31:45 mysql.go:31: 成功连接到MySQL数据库！
INFO: 2026/02/09 13:31:45 main.go:18: 数据库连接成功
INFO: 2026/02/09 13:31:45 main.go:21: 正在设置路由...
INFO: 2026/02/09 13:31:45 main.go:23: 路由设置成功
INFO: 2026/02/09 13:31:45 main.go:27: 服务器已启动，监听地址：http://localhost::8090
INFO: 2026/02/09 13:32:00 main.go:12: 日志记录器初始化成功
INFO: 2026/02/09 13:32:00 main.go:15: 正在连接数据库...
INFO: 2026/02/09 13:32:01 mysql.go:31: 成功连接到MySQL数据库！
INFO: 2026/02/09 13:32:01 main.go:18: 数据库连接成功
INFO: 2026/02/09 13:32:01 main.go:21: 正在设置路由...
INFO: 2026/02/09 13:32:01 main.go:23: 路由设置成功
INFO: 2026/02/09 13:32:01 main.go:27: 服务器已启动，监听地址：http://localhost::8090
ERROR: 2026/02/09 13:32:01 main.go:30: 服务器启动失败: listen tcp :8090: bind: Only one usage of each socket address (protocol/network address/port) is normally permitted.
INFO: 2026/02/09 13:43:32 main.go:12: 日志记录器初始化成功
INFO: 2026/02/09 13:43:32 main.go:15: 正在连接数据库...
INFO: 2026/02/09 13:43:32 mysql.go:31: 成功连接到MySQL数据库！
INFO: 2026/02/09 13:43:32 main.go:18: 数据库连接成功
INFO: 2026/02/09 13:43:32 main.go:21: 正在设置路由...
INFO: 2026/02/09 13:43:32 main.go:23: 路由设置成功
INFO: 2026/02/09 13:43:32 main.go:27: 服务器已启动，监听地址：http://localhost::8090
INFO: 2026/02/09 13:45:38 main.go:12: 日志记录器初始化成功
INFO: 2026/02/09 13:45:38 main.go:15: 正在连接数据库...
INFO: 2026/02/09 13:45:38 mysql.go:31: 成功连接到MySQL数据库！
INFO: 2026/02/09 13:45:38 main.go:18: 数据库连接成功
INFO: 2026/02/09 13:45:38 main.go:21: 正在设置路由...
INFO: 2026/02/09 13:45:38 main.go:23: 路由设置成功
INFO: 2026/02/09 13:45:38 main.go:27: 服务器已启动，监听地址：http://localhost::8090
INFO: 2026/02/09 19:05:16 main.go:17: 日志记录器初始化成功
INFO: 2026/02/09 19:05:16 main.go:20: 正在连接数据库...
INFO: 2026/02/09 19:05:16 mysql.go:31: 成功连接到MySQL数据库！
INFO: 2026/02/09 19:05:16 main.go:23: 数据库连接成功
INFO: 2026/02/09 19:05:16 main.go:26: 正在设置路由...
INFO: 2026/02/09 19:05:16 main.go:28: 路由设置成功
INFO: 2026/02/09 19:05:16 main.go:32: 服务器已启动，监听地址：http://localhost::8090
INFO: 2026/02/09 19:10:41 main.go:17: 日志记录器初始化成功
INFO: 2026/02/09 19:10:41 main.go:20: 正在连接数据库...
INFO: 2026/02/09 19:10:41 mysql.go:31: 成功连接到MySQL数据库！
INFO: 2026/02/09 19:10:41 main.go:23: 数据库连接成功
INFO: 2026/02/09 19:10:41 main.go:26: 正在设置路由...
INFO: 2026/02/09 19:10:41 main.go:28: 路由设置成功
INFO: 2026/02/09 19:10:41 main.go:32: 服务器已启动，监听地址：http://localhost::8090
INFO: 2026/02/09 19:22:18 main.go:17: 日志记录器初始化成功
INFO: 2026/02/09 19:22:18 main.go:20: 正在连接数据库...
INFO: 2026/02/09 19:22:18 mysql.go:31: 成功连接到MySQL数据库！
INFO: 2026/02/09 19:22:18 main.go:23: 数据库连接成功
INFO: 2026/02/09 19:22:18 main.go:26: 正在设置路由...
INFO: 2026/02/09 19:22:18 main.go:28: 路由设置成功
INFO: 2026/02/09 19:22:18 main.go:32: 服务器已启动，监听地址：http://localhost::8091
INFO: 2026/02/09 19:22:51 main.go:17: 日志记录器初始化成功
INFO: 2026/02/09 19:22:51 main.go:20: 正在连接数据库...
INFO: 2026/02/09 19:22:51 mysql.go:31: 成功连接到MySQL数据库！
INFO: 2026/02/09 19:22:51 main.go:23: 数据库连接成功
INFO: 2026/02/09 19:22:51 main.go:26: 正在设置路由...
INFO: 2026/02/09 19:22:51 main.go:28: 路由设置成功
INFO: 2026/02/09 19:22:51 main.go:32: 服务器已启动，监听地址：http://localhost::8091
INFO: 2026/02/09 19:28:26 main.go:17: 日志记录器初始化成功
INFO: 2026/02/09 19:28:26 main.go:20: 正在连接数据库...
INFO: 2026/02/09 19:28:26 mysql.go:31: 成功连接到MySQL数据库！
INFO: 2026/02/09 19:28:26 main.go:23: 数据库连接成功
INFO: 2026/02/09 19:28:26 main.go:26: 正在设置路由...
INFO: 2026/02/09 19:28:26 main.go:28: 路由设置成功
INFO: 2026/02/09 19:28:26 main.go:32: 服务器已启动，监听地址：http://localhost::8091
INFO: 2026/02/09 19:28:44 main.go:17: 日志记录器初始化成功
INFO: 2026/02/09 19:28:44 main.go:20: 正在连接数据库...
INFO: 2026/02/09 19:28:44 mysql.go:31: 成功连接到MySQL数据库！
INFO: 2026/02/09 19:28:44 main.go:23: 数据库连接成功
INFO: 2026/02/09 19:28:44 main.go:26: 正在设置路由...
INFO: 2026/02/09 19:28:44 main.go:28: 路由设置成功
INFO: 2026/02/09 19:28:44 main.go:32: 服务器已启动，监听地址：http://localhost::8091
INFO: 2026/02/09 19:38:00 main.go:17: 日志记录器初始化成功
INFO: 2026/02/09 19:38:00 main.go:20: 正在连接数据库...
INFO: 2026/02/09 19:38:00 mysql.go:31: 成功连接到MySQL数据库！
INFO: 2026/02/09 19:38:00 main.go:23: 数据库连接成功
INFO: 2026/02/09 19:38:00 main.go:26: 正在设置路由...
INFO: 2026/02/09 19:38:00 main.go:28: 路由设置成功
INFO: 2026/02/09 19:38:00 main.go:32: 服务器已启动，监听地址：http://localhost::8091
ERROR: 2026/02/09 19:38:00 main.go:36: 服务器启动失败: listen tcp :8091: bind: Only one usage of each socket address (protocol/network address/port) is normally permitted.
INFO: 2026/02/09 19:38:36 main.go:17: 日志记录器初始化成功
INFO: 2026/02/09 19:38:36 main.go:20: 正在连接数据库...
INFO: 2026/02/09 19:38:36 mysql.go:31: 成功连接到MySQL数据库！
INFO: 2026/02/09 19:38:36 main.go:23: 数据库连接成功
INFO: 2026/02/09 19:38:36 main.go:26: 正在设置路由...
INFO: 2026/02/09 19:38:36 main.go:28: 路由设置成功
INFO: 2026/02/09 19:38:36 main.go:32: 服务器已启动，监听地址：http://localhost::8090
INFO: 2026/02/09 19:40:08 main.go:17: 日志记录器初始化成功
INFO: 2026/02/09 19:40:08 main.go:20: 正在连接数据库...
INFO: 2026/02/09 19:40:08 mysql.go:31: 成功连接到MySQL数据库！
INFO: 2026/02/09 19:40:08 main.go:23: 数据库连接成功
INFO: 2026/02/09 19:40:08 main.go:26: 正在设置路由...
INFO: 2026/02/09 19:40:08 main.go:28: 路由设置成功
INFO: 2026/02/09 19:40:08 main.go:32: 服务器已启动，监听地址：http://localhost::8090
ERROR: 2026/02/09 19:40:08 main.go:36: 服务器启动失败: listen tcp :8090: bind: Only one usage of each socket address (protocol/network address/port) is normally permitted.
INFO: 2026/02/09 19:42:28 main.go:17: 日志记录器初始化成功
INFO: 2026/02/09 19:42:28 main.go:20: 正在连接数据库...
INFO: 2026/02/09 19:42:28 mysql.go:31: 成功连接到MySQL数据库！
INFO: 2026/02/09 19:42:28 main.go:23: 数据库连接成功
INFO: 2026/02/09 19:42:28 main.go:26: 正在设置路由...
INFO: 2026/02/09 19:42:28 main.go:28: 路由设置成功
INFO: 2026/02/09 19:42:28 main.go:32: 服务器已启动，监听地址：http://localhost::8090
INFO: 2026/02/09 19:44:51 main.go:17: 日志记录器初始化成功
INFO: 2026/02/09 19:44:51 main.go:20: 正在连接数据库...
INFO: 2026/02/09 19:44:51 mysql.go:31: 成功连接到MySQL数据库！
INFO: 2026/02/09 19:44:51 main.go:23: 数据库连接成功
INFO: 2026/02/09 19:44:51 main.go:26: 正在设置路由...
INFO: 2026/02/09 19:44:51 main.go:28: 路由设置成功
INFO: 2026/02/09 19:44:51 main.go:32: 服务器已启动，监听地址：http://localhost::8090
INFO: 2026/02/09 19:46:40 main.go:17: 日志记录器初始化成功
INFO: 2026/02/09 19:46:40 main.go:20: 正在连接数据库...
INFO: 2026/02/09 19:46:40 mysql.go:31: 成功连接到MySQL数据库！
INFO: 2026/02/09 19:46:40 main.go:23: 数据库连接成功
INFO: 2026/02/09 19:46:40 main.go:26: 正在设置路由...
INFO: 2026/02/09 19:46:40 main.go:28: 路由设置成功
INFO: 2026/02/09 19:46:40 main.go:32: 服务器已启动，监听地址：http://localhost::8090
INFO: 2026/02/09 19:50:45 main.go:17: 日志记录器初始化成功
INFO: 2026/02/09 19:50:45 main.go:20: 正在连接数据库...
INFO: 2026/02/09 19:50:45 mysql.go:31: 成功连接到MySQL数据库！
INFO: 2026/02/09 19:50:45 main.go:23: 数据库连接成功
INFO: 2026/02/09 19:50:45 main.go:26: 正在设置路由...
INFO: 2026/02/09 19:50:45 main.go:28: 路由设置成功
INFO: 2026/02/09 19:50:45 main.go:32: 服务器已启动，监听地址：http://localhost::8090
ERROR: 2026/02/09 19:50:45 main.go:36: 服务器启动失败: listen tcp :8090: bind: Only one usage of each socket address (protocol/network address/port) is normally permitted.
INFO: 2026/02/09 19:52:28 main.go:17: 日志记录器初始化成功
INFO: 2026/02/09 19:52:28 main.go:20: 正在连接数据库...
INFO: 2026/02/09 19:52:28 mysql.go:31: 成功连接到MySQL数据库！
INFO: 2026/02/09 19:52:28 main.go:23: 数据库连接成功
INFO: 2026/02/09 19:52:28 main.go:26: 正在设置路由...
INFO: 2026/02/09 19:52:28 main.go:28: 路由设置成功
INFO: 2026/02/09 19:52:28 main.go:32: 服务器已启动，监听地址：http://localhost::8090
INFO: 2026/02/09 19:53:31 main.go:17: 日志记录器初始化成功
INFO: 2026/02/09 19:53:31 main.go:20: 正在连接数据库...
INFO: 2026/02/09 19:53:31 mysql.go:31: 成功连接到MySQL数据库！
INFO: 2026/02/09 19:53:31 main.go:23: 数据库连接成功
INFO: 2026/02/09 19:53:31 main.go:26: 正在设置路由...
INFO: 2026/02/09 19:53:31 main.go:28: 路由设置成功
INFO: 2026/02/09 19:53:31 main.go:32: 服务器已启动，监听地址：http://localhost::8090
ERROR: 2026/02/09 19:53:31 main.go:36: 服务器启动失败: listen tcp :8090: bind: Only one usage of each socket address (protocol/network address/port) is normally permitted.
INFO: 2026/02/09 19:55:04 main.go:17: 日志记录器初始化成功
INFO: 2026/02/09 19:55:04 main.go:20: 正在连接数据库...
INFO: 2026/02/09 19:55:04 mysql.go:31: 成功连接到MySQL数据库！
INFO: 2026/02/09 19:55:04 main.go:23: 数据库连接成功
INFO: 2026/02/09 19:55:04 main.go:26: 正在设置路由...
INFO: 2026/02/09 19:55:04 main.go:28: 路由设置成功
INFO: 2026/02/09 19:55:04 main.go:32: 服务器已启动，监听地址：http://localhost::8090
INFO: 2026/02/09 19:57:16 main.go:17: 日志记录器初始化成功
INFO: 2026/02/09 19:57:16 main.go:20: 正在连接数据库...
INFO: 2026/02/09 19:57:16 mysql.go:31: 成功连接到MySQL数据库！
INFO: 2026/02/09 19:57:16 main.go:23: 数据库连接成功
INFO: 2026/02/09 19:57:16 main.go:26: 正在设置路由...
INFO: 2026/02/09 19:57:16 main.go:28: 路由设置成功
INFO: 2026/02/09 19:57:16 main.go:32: 服务器已启动，监听地址：http://localhost::8090
INFO: 2026/02/09 19:57:58 main.go:17: 日志记录器初始化成功
INFO: 2026/02/09 19:57:58 main.go:20: 正在连接数据库...
INFO: 2026/02/09 19:57:58 mysql.go:31: 成功连接到MySQL数据库！
INFO: 2026/02/09 19:57:58 main.go:23: 数据库连接成功
INFO: 2026/02/09 19:57:58 main.go:26: 正在设置路由...
INFO: 2026/02/09 19:57:58 main.go:28: 路由设置成功
INFO: 2026/02/09 19:57:58 main.go:32: 服务器已启动，监听地址：http://localhost::8090
INFO: 2026/02/09 19:58:44 main.go:17: 日志记录器初始化成功
INFO: 2026/02/09 19:58:44 main.go:20: 正在连接数据库...
INFO: 2026/02/09 19:58:44 mysql.go:31: 成功连接到MySQL数据库！
INFO: 2026/02/09 19:58:44 main.go:23: 数据库连接成功
INFO: 2026/02/09 19:58:44 main.go:26: 正在设置路由...
INFO: 2026/02/09 19:58:44 main.go:28: 路由设置成功
INFO: 2026/02/09 19:58:44 main.go:32: 服务器已启动，监听地址：http://localhost::8090
INFO: 2026/02/09 20:02:11 main.go:17: 日志记录器初始化成功
INFO: 2026/02/09 20:02:11 main.go:20: 正在连接数据库...
INFO: 2026/02/09 20:02:11 mysql.go:31: 成功连接到MySQL数据库！
INFO: 2026/02/09 20:02:11 main.go:23: 数据库连接成功
INFO: 2026/02/09 20:02:11 main.go:26: 正在设置路由...
INFO: 2026/02/09 20:02:11 main.go:28: 路由设置成功
INFO: 2026/02/09 20:02:11 main.go:32: 服务器已启动，监听地址：http://localhost::8090
INFO: 2026/02/09 20:07:30 mysql.go:45: 插入成功，用户ID为：14
INFO: 2026/02/09 20:12:16 main.go:17: 日志记录器初始化成功
INFO: 2026/02/09 20:12:16 main.go:20: 正在连接数据库...
INFO: 2026/02/09 20:12:16 mysql.go:31: 成功连接到MySQL数据库！
INFO: 2026/02/09 20:12:16 main.go:23: 数据库连接成功
INFO: 2026/02/09 20:12:16 main.go:26: 正在设置路由...
INFO: 2026/02/09 20:12:16 main.go:28: 路由设置成功
INFO: 2026/02/09 20:12:16 main.go:32: 服务器已启动，监听地址：http://localhost::8090
INFO: 2026/02/09 20:15:08 mysql.go:45: 插入成功，用户ID为：15
INFO: 2026/02/09 20:25:58 main.go:17: 日志记录器初始化成功
INFO: 2026/02/09 20:25:58 main.go:20: 正在连接数据库...
INFO: 2026/02/09 20:25:58 mysql.go:31: 成功连接到MySQL数据库！
INFO: 2026/02/09 20:25:58 main.go:23: 数据库连接成功
INFO: 2026/02/09 20:25:58 main.go:26: 正在设置路由...
INFO: 2026/02/09 20:25:58 main.go:28: 路由设置成功
INFO: 2026/02/09 20:25:58 main.go:32: 服务器已启动，监听地址：http://localhost::8090
INFO: 2026/02/09 21:22:05 mysql.go:45: 插入成功，用户ID为：16
