INFO: 2026/02/09 09:42:56 main.go:17: 日志记录器初始化成功
INFO: 2026/02/09 09:42:56 main.go:20: 正在连接数据库...
INFO: 2026/02/09 09:42:56 main.go:23: 数据库连接成功
INFO: 2026/02/09 09:42:56 main.go:26: 正在设置路由...
INFO: 2026/02/09 09:42:56 main.go:28: 路由设置成功
INFO: 2026/02/09 09:42:56 main.go:32: 服务器已启动，监听地址：http://localhost::8090
INFO: 2026/02/09 09:49:03 main.go:17: 日志记录器初始化成功
INFO: 2026/02/09 09:49:03 main.go:20: 正在连接数据库...
INFO: 2026/02/09 09:49:03 main.go:23: 数据库连接成功
INFO: 2026/02/09 09:49:03 main.go:26: 正在设置路由...
INFO: 2026/02/09 09:49:03 main.go:28: 路由设置成功
INFO: 2026/02/09 09:49:03 main.go:32: 服务器已启动，监听地址：http://localhost::8090
INFO: 2026/02/09 09:51:51 main.go:17: 日志记录器初始化成功
INFO: 2026/02/09 09:51:51 main.go:20: 正在连接数据库...
INFO: 2026/02/09 09:51:51 main.go:23: 数据库连接成功
INFO: 2026/02/09 09:51:51 main.go:26: 正在设置路由...
INFO: 2026/02/09 09:51:51 main.go:28: 路由设置成功
INFO: 2026/02/09 09:51:51 main.go:32: 服务器已启动，监听地址：http://localhost::8090
INFO: 2026/02/09 09:59:10 main.go:17: 日志记录器初始化成功
INFO: 2026/02/09 09:59:10 main.go:20: 正在连接数据库...
INFO: 2026/02/09 09:59:10 main.go:23: 数据库连接成功
INFO: 2026/02/09 09:59:10 main.go:26: 正在设置路由...
INFO: 2026/02/09 09:59:10 main.go:28: 路由设置成功
INFO: 2026/02/09 09:59:10 main.go:32: 服务器已启动，监听地址：http://localhost::8090
INFO: 2026/02/09 10:01:15 main.go:17: 日志记录器初始化成功
INFO: 2026/02/09 10:01:15 main.go:20: 正在连接数据库...
INFO: 2026/02/09 10:01:15 main.go:23: 数据库连接成功
INFO: 2026/02/09 10:01:15 main.go:26: 正在设置路由...
INFO: 2026/02/09 10:01:15 main.go:28: 路由设置成功
INFO: 2026/02/09 10:01:15 main.go:32: 服务器已启动，监听地址：http://localhost::8090
INFO: 2026/02/09 10:15:46 main.go:17: 日志记录器初始化成功
INFO: 2026/02/09 10:15:46 main.go:20: 正在连接数据库...
INFO: 2026/02/09 10:15:46 main.go:23: 数据库连接成功
INFO: 2026/02/09 10:15:46 main.go:26: 正在设置路由...
INFO: 2026/02/09 10:15:46 main.go:28: 路由设置成功
INFO: 2026/02/09 10:15:46 main.go:32: 服务器已启动，监听地址：http://localhost::8090
INFO: 2026/02/09 10:19:21 main.go:17: 日志记录器初始化成功
INFO: 2026/02/09 10:19:21 main.go:20: 正在连接数据库...
INFO: 2026/02/09 10:19:21 main.go:23: 数据库连接成功
INFO: 2026/02/09 10:19:21 main.go:26: 正在设置路由...
INFO: 2026/02/09 10:19:21 main.go:28: 路由设置成功
INFO: 2026/02/09 10:19:21 main.go:32: 服务器已启动，监听地址：http://localhost::8090
ERROR: 2026/02/09 10:19:21 main.go:37: 服务器启动失败: listen tcp :8090: bind: Only one usage of each socket address (protocol/network address/port) is normally permitted.
INFO: 2026/02/09 10:21:16 main.go:17: 日志记录器初始化成功
INFO: 2026/02/09 10:21:16 main.go:20: 正在连接数据库...
INFO: 2026/02/09 10:21:16 main.go:23: 数据库连接成功
INFO: 2026/02/09 10:21:16 main.go:26: 正在设置路由...
INFO: 2026/02/09 10:21:16 main.go:28: 路由设置成功
INFO: 2026/02/09 10:21:16 main.go:32: 服务器已启动，监听地址：http://localhost::8090
ERROR: 2026/02/09 10:21:16 main.go:37: 服务器启动失败: listen tcp :8090: bind: Only one usage of each socket address (protocol/network address/port) is normally permitted.
INFO: 2026/02/09 10:23:22 main.go:17: 日志记录器初始化成功
INFO: 2026/02/09 10:23:22 main.go:20: 正在连接数据库...
INFO: 2026/02/09 10:23:22 main.go:23: 数据库连接成功
INFO: 2026/02/09 10:23:22 main.go:26: 正在设置路由...
INFO: 2026/02/09 10:23:22 main.go:28: 路由设置成功
INFO: 2026/02/09 10:23:22 main.go:32: 服务器已启动，监听地址：http://localhost::8090
INFO: 2026/02/09 10:24:29 main.go:17: 日志记录器初始化成功
INFO: 2026/02/09 10:24:29 main.go:20: 正在连接数据库...
INFO: 2026/02/09 10:24:29 main.go:23: 数据库连接成功
INFO: 2026/02/09 10:24:29 main.go:26: 正在设置路由...
INFO: 2026/02/09 10:24:29 main.go:28: 路由设置成功
INFO: 2026/02/09 10:24:29 main.go:32: 服务器已启动，监听地址：http://localhost::8090
INFO: 2026/02/09 10:27:23 main.go:17: 日志记录器初始化成功
INFO: 2026/02/09 10:27:23 main.go:20: 正在连接数据库...
INFO: 2026/02/09 10:27:23 main.go:23: 数据库连接成功
INFO: 2026/02/09 10:27:23 main.go:26: 正在设置路由...
INFO: 2026/02/09 10:27:23 main.go:28: 路由设置成功
INFO: 2026/02/09 10:27:23 main.go:32: 服务器已启动，监听地址：http://localhost::8090
ERROR: 2026/02/09 10:27:23 main.go:37: 服务器启动失败: listen tcp :8090: bind: Only one usage of each socket address (protocol/network address/port) is normally permitted.
INFO: 2026/02/09 10:27:53 main.go:17: 日志记录器初始化成功
INFO: 2026/02/09 10:27:53 main.go:20: 正在连接数据库...
INFO: 2026/02/09 10:27:53 main.go:23: 数据库连接成功
INFO: 2026/02/09 10:27:53 main.go:26: 正在设置路由...
INFO: 2026/02/09 10:27:53 main.go:28: 路由设置成功
INFO: 2026/02/09 10:27:53 main.go:32: 服务器已启动，监听地址：http://localhost::8090
INFO: 2026/02/09 10:32:30 main.go:17: 日志记录器初始化成功
INFO: 2026/02/09 10:32:30 main.go:20: 正在连接数据库...
INFO: 2026/02/09 10:32:30 main.go:23: 数据库连接成功
INFO: 2026/02/09 10:32:30 main.go:26: 正在设置路由...
INFO: 2026/02/09 10:32:30 main.go:28: 路由设置成功
INFO: 2026/02/09 10:32:30 main.go:32: 服务器已启动，监听地址：http://localhost::8090
INFO: 2026/02/09 10:35:19 main.go:17: 日志记录器初始化成功
INFO: 2026/02/09 10:35:19 main.go:20: 正在连接数据库...
INFO: 2026/02/09 10:35:19 main.go:23: 数据库连接成功
INFO: 2026/02/09 10:35:19 main.go:26: 正在设置路由...
INFO: 2026/02/09 10:35:19 main.go:28: 路由设置成功
INFO: 2026/02/09 10:35:19 main.go:32: 服务器已启动，监听地址：http://localhost::8090
INFO: 2026/02/09 10:36:56 main.go:17: 日志记录器初始化成功
INFO: 2026/02/09 10:36:56 main.go:20: 正在连接数据库...
INFO: 2026/02/09 10:36:56 main.go:23: 数据库连接成功
INFO: 2026/02/09 10:36:56 main.go:26: 正在设置路由...
INFO: 2026/02/09 10:36:56 main.go:28: 路由设置成功
INFO: 2026/02/09 10:36:56 main.go:32: 服务器已启动，监听地址：http://localhost::8090
INFO: 2026/02/09 10:37:35 main.go:17: 日志记录器初始化成功
INFO: 2026/02/09 10:37:35 main.go:20: 正在连接数据库...
INFO: 2026/02/09 10:37:35 main.go:23: 数据库连接成功
INFO: 2026/02/09 10:37:35 main.go:26: 正在设置路由...
INFO: 2026/02/09 10:37:35 main.go:28: 路由设置成功
INFO: 2026/02/09 10:37:35 main.go:32: 服务器已启动，监听地址：http://localhost::8090
INFO: 2026/02/09 10:38:48 main.go:17: 日志记录器初始化成功
INFO: 2026/02/09 10:38:48 main.go:20: 正在连接数据库...
INFO: 2026/02/09 10:38:48 main.go:23: 数据库连接成功
INFO: 2026/02/09 10:38:48 main.go:26: 正在设置路由...
INFO: 2026/02/09 10:38:48 main.go:28: 路由设置成功
INFO: 2026/02/09 10:38:48 main.go:32: 服务器已启动，监听地址：http://localhost::8090
INFO: 2026/02/09 10:40:54 main.go:17: 日志记录器初始化成功
INFO: 2026/02/09 10:40:54 main.go:20: 正在连接数据库...
INFO: 2026/02/09 10:40:54 main.go:23: 数据库连接成功
INFO: 2026/02/09 10:40:54 main.go:26: 正在设置路由...
INFO: 2026/02/09 10:40:54 main.go:28: 路由设置成功
INFO: 2026/02/09 10:40:54 main.go:32: 服务器已启动，监听地址：http://localhost::8090
ERROR: 2026/02/09 10:40:54 main.go:37: 服务器启动失败: listen tcp :8090: bind: Only one usage of each socket address (protocol/network address/port) is normally permitted.
INFO: 2026/02/09 10:42:48 main.go:17: 日志记录器初始化成功
INFO: 2026/02/09 10:42:48 main.go:20: 正在连接数据库...
INFO: 2026/02/09 10:42:48 main.go:23: 数据库连接成功
INFO: 2026/02/09 10:42:48 main.go:26: 正在设置路由...
INFO: 2026/02/09 10:42:48 main.go:28: 路由设置成功
INFO: 2026/02/09 10:42:48 main.go:32: 服务器已启动，监听地址：http://localhost::8090
INFO: 2026/02/09 10:43:44 main.go:17: 日志记录器初始化成功
INFO: 2026/02/09 10:43:44 main.go:20: 正在连接数据库...
INFO: 2026/02/09 10:43:44 main.go:23: 数据库连接成功
INFO: 2026/02/09 10:43:44 main.go:26: 正在设置路由...
INFO: 2026/02/09 10:43:44 main.go:28: 路由设置成功
INFO: 2026/02/09 10:43:44 main.go:32: 服务器已启动，监听地址：http://localhost::8090
INFO: 2026/02/09 10:44:24 main.go:17: 日志记录器初始化成功
INFO: 2026/02/09 10:44:24 main.go:20: 正在连接数据库...
INFO: 2026/02/09 10:44:24 main.go:23: 数据库连接成功
INFO: 2026/02/09 10:44:24 main.go:26: 正在设置路由...
INFO: 2026/02/09 10:44:24 main.go:28: 路由设置成功
INFO: 2026/02/09 10:44:24 main.go:32: 服务器已启动，监听地址：http://localhost::8090
ERROR: 2026/02/09 10:44:24 main.go:37: 服务器启动失败: listen tcp :8090: bind: Only one usage of each socket address (protocol/network address/port) is normally permitted.
INFO: 2026/02/09 10:45:29 main.go:17: 日志记录器初始化成功
INFO: 2026/02/09 10:45:29 main.go:20: 正在连接数据库...
INFO: 2026/02/09 10:45:29 main.go:23: 数据库连接成功
INFO: 2026/02/09 10:45:29 main.go:26: 正在设置路由...
INFO: 2026/02/09 10:45:29 main.go:28: 路由设置成功
INFO: 2026/02/09 10:45:29 main.go:32: 服务器已启动，监听地址：http://localhost::8090
INFO: 2026/02/09 10:47:24 main.go:17: 日志记录器初始化成功
INFO: 2026/02/09 10:47:24 main.go:20: 正在连接数据库...
INFO: 2026/02/09 10:47:24 main.go:23: 数据库连接成功
INFO: 2026/02/09 10:47:24 main.go:26: 正在设置路由...
INFO: 2026/02/09 10:47:24 main.go:28: 路由设置成功
INFO: 2026/02/09 10:47:24 main.go:32: 服务器已启动，监听地址：http://localhost::8090
INFO: 2026/02/09 10:48:29 main.go:17: 日志记录器初始化成功
INFO: 2026/02/09 10:48:29 main.go:20: 正在连接数据库...
INFO: 2026/02/09 10:48:29 main.go:23: 数据库连接成功
INFO: 2026/02/09 10:48:29 main.go:26: 正在设置路由...
INFO: 2026/02/09 10:48:29 main.go:28: 路由设置成功
INFO: 2026/02/09 10:48:29 main.go:32: 服务器已启动，监听地址：http://localhost::8090
ERROR: 2026/02/09 10:48:29 main.go:37: 服务器启动失败: listen tcp :8090: bind: Only one usage of each socket address (protocol/network address/port) is normally permitted.
INFO: 2026/02/09 10:48:50 main.go:17: 日志记录器初始化成功
INFO: 2026/02/09 10:48:50 main.go:20: 正在连接数据库...
INFO: 2026/02/09 10:48:50 main.go:23: 数据库连接成功
INFO: 2026/02/09 10:48:50 main.go:26: 正在设置路由...
INFO: 2026/02/09 10:48:50 main.go:28: 路由设置成功
INFO: 2026/02/09 10:48:50 main.go:32: 服务器已启动，监听地址：http://localhost::8090
INFO: 2026/02/09 10:49:13 main.go:17: 日志记录器初始化成功
INFO: 2026/02/09 10:49:13 main.go:20: 正在连接数据库...
INFO: 2026/02/09 10:49:13 main.go:23: 数据库连接成功
INFO: 2026/02/09 10:49:13 main.go:26: 正在设置路由...
INFO: 2026/02/09 10:49:13 main.go:28: 路由设置成功
INFO: 2026/02/09 10:49:13 main.go:32: 服务器已启动，监听地址：http://localhost::8090
INFO: 2026/02/09 10:49:40 main.go:17: 日志记录器初始化成功
INFO: 2026/02/09 10:49:40 main.go:20: 正在连接数据库...
INFO: 2026/02/09 10:49:40 main.go:23: 数据库连接成功
INFO: 2026/02/09 10:49:40 main.go:26: 正在设置路由...
INFO: 2026/02/09 10:49:40 main.go:28: 路由设置成功
INFO: 2026/02/09 10:49:40 main.go:32: 服务器已启动，监听地址：http://localhost::8090
INFO: 2026/02/09 10:50:17 main.go:17: 日志记录器初始化成功
INFO: 2026/02/09 10:50:17 main.go:20: 正在连接数据库...
INFO: 2026/02/09 10:50:17 main.go:23: 数据库连接成功
INFO: 2026/02/09 10:50:17 main.go:26: 正在设置路由...
INFO: 2026/02/09 10:50:17 main.go:28: 路由设置成功
INFO: 2026/02/09 10:50:17 main.go:32: 服务器已启动，监听地址：http://localhost::8090
INFO: 2026/02/09 10:50:45 main.go:17: 日志记录器初始化成功
INFO: 2026/02/09 10:50:45 main.go:20: 正在连接数据库...
INFO: 2026/02/09 10:50:45 main.go:23: 数据库连接成功
INFO: 2026/02/09 10:50:45 main.go:26: 正在设置路由...
INFO: 2026/02/09 10:50:45 main.go:28: 路由设置成功
INFO: 2026/02/09 10:50:45 main.go:32: 服务器已启动，监听地址：http://localhost::8090
ERROR: 2026/02/09 10:50:45 main.go:36: 服务器启动失败: listen tcp :8090: bind: Only one usage of each socket address (protocol/network address/port) is normally permitted.
INFO: 2026/02/09 10:51:24 main.go:17: 日志记录器初始化成功
INFO: 2026/02/09 10:51:24 main.go:20: 正在连接数据库...
INFO: 2026/02/09 10:51:24 main.go:23: 数据库连接成功
INFO: 2026/02/09 10:51:24 main.go:26: 正在设置路由...
INFO: 2026/02/09 10:51:24 main.go:28: 路由设置成功
INFO: 2026/02/09 10:51:24 main.go:32: 服务器已启动，监听地址：http://localhost::8090
INFO: 2026/02/09 10:53:02 main.go:17: 日志记录器初始化成功
INFO: 2026/02/09 10:53:02 main.go:20: 正在连接数据库...
INFO: 2026/02/09 10:53:02 main.go:23: 数据库连接成功
INFO: 2026/02/09 10:53:02 main.go:26: 正在设置路由...
INFO: 2026/02/09 10:53:02 main.go:28: 路由设置成功
INFO: 2026/02/09 10:53:02 main.go:32: 服务器已启动，监听地址：http://localhost::8090
ERROR: 2026/02/09 10:53:02 main.go:36: 服务器启动失败: listen tcp :8090: bind: Only one usage of each socket address (protocol/network address/port) is normally permitted.
INFO: 2026/02/09 10:54:41 main.go:17: 日志记录器初始化成功
INFO: 2026/02/09 10:54:41 main.go:20: 正在连接数据库...
INFO: 2026/02/09 10:54:41 main.go:23: 数据库连接成功
INFO: 2026/02/09 10:54:41 main.go:26: 正在设置路由...
INFO: 2026/02/09 10:54:41 main.go:28: 路由设置成功
INFO: 2026/02/09 10:54:41 main.go:32: 服务器已启动，监听地址：http://localhost::8090
INFO: 2026/02/09 10:56:12 main.go:17: 日志记录器初始化成功
INFO: 2026/02/09 10:56:12 main.go:20: 正在连接数据库...
INFO: 2026/02/09 10:56:12 main.go:23: 数据库连接成功
INFO: 2026/02/09 10:56:12 main.go:26: 正在设置路由...
INFO: 2026/02/09 10:56:12 main.go:28: 路由设置成功
INFO: 2026/02/09 10:56:12 main.go:32: 服务器已启动，监听地址：http://localhost::8090
ERROR: 2026/02/09 10:56:12 main.go:36: 服务器启动失败: listen tcp :8090: bind: Only one usage of each socket address (protocol/network address/port) is normally permitted.
INFO: 2026/02/09 11:12:29 main.go:17: 日志记录器初始化成功
INFO: 2026/02/09 11:12:29 main.go:20: 正在连接数据库...
INFO: 2026/02/09 11:12:29 main.go:23: 数据库连接成功
INFO: 2026/02/09 11:12:29 main.go:26: 正在设置路由...
INFO: 2026/02/09 11:12:29 main.go:28: 路由设置成功
INFO: 2026/02/09 11:12:29 main.go:32: 服务器已启动，监听地址：http://localhost::8090
INFO: 2026/02/09 11:14:05 main.go:17: 日志记录器初始化成功
INFO: 2026/02/09 11:14:05 main.go:20: 正在连接数据库...
INFO: 2026/02/09 11:14:05 main.go:23: 数据库连接成功
INFO: 2026/02/09 11:14:05 main.go:26: 正在设置路由...
INFO: 2026/02/09 11:14:05 main.go:28: 路由设置成功
INFO: 2026/02/09 11:14:05 main.go:32: 服务器已启动，监听地址：http://localhost::8090
ERROR: 2026/02/09 11:14:05 main.go:36: 服务器启动失败: listen tcp :8090: bind: Only one usage of each socket address (protocol/network address/port) is normally permitted.
INFO: 2026/02/09 11:17:03 main.go:17: 日志记录器初始化成功
INFO: 2026/02/09 11:17:03 main.go:20: 正在连接数据库...
INFO: 2026/02/09 11:17:03 main.go:23: 数据库连接成功
INFO: 2026/02/09 11:17:03 main.go:26: 正在设置路由...
INFO: 2026/02/09 11:17:03 main.go:28: 路由设置成功
INFO: 2026/02/09 11:17:03 main.go:32: 服务器已启动，监听地址：http://localhost::8090
ERROR: 2026/02/09 11:17:03 main.go:36: 服务器启动失败: listen tcp :8090: bind: Only one usage of each socket address (protocol/network address/port) is normally permitted.
INFO: 2026/02/09 11:17:32 main.go:17: 日志记录器初始化成功
INFO: 2026/02/09 11:17:32 main.go:20: 正在连接数据库...
INFO: 2026/02/09 11:17:32 main.go:23: 数据库连接成功
INFO: 2026/02/09 11:17:32 main.go:26: 正在设置路由...
INFO: 2026/02/09 11:17:32 main.go:28: 路由设置成功
INFO: 2026/02/09 11:17:32 main.go:32: 服务器已启动，监听地址：http://localhost::8090
INFO: 2026/02/09 11:21:04 main.go:17: 日志记录器初始化成功
INFO: 2026/02/09 11:21:04 main.go:20: 正在连接数据库...
INFO: 2026/02/09 11:21:04 main.go:23: 数据库连接成功
INFO: 2026/02/09 11:21:04 main.go:26: 正在设置路由...
INFO: 2026/02/09 11:21:04 main.go:28: 路由设置成功
INFO: 2026/02/09 11:21:04 main.go:32: 服务器已启动，监听地址：http://localhost::8090
INFO: 2026/02/09 11:27:57 main.go:17: 日志记录器初始化成功
INFO: 2026/02/09 11:27:57 main.go:20: 正在连接数据库...
INFO: 2026/02/09 11:27:57 main.go:23: 数据库连接成功
INFO: 2026/02/09 11:27:57 main.go:26: 正在设置路由...
INFO: 2026/02/09 11:27:57 main.go:28: 路由设置成功
INFO: 2026/02/09 11:27:57 main.go:32: 服务器已启动，监听地址：http://localhost::8090
INFO: 2026/02/09 11:36:55 main.go:17: 日志记录器初始化成功
INFO: 2026/02/09 11:36:55 main.go:20: 正在连接数据库...
INFO: 2026/02/09 11:36:55 main.go:23: 数据库连接成功
INFO: 2026/02/09 11:36:55 main.go:26: 正在设置路由...
INFO: 2026/02/09 11:36:55 main.go:28: 路由设置成功
INFO: 2026/02/09 11:36:55 main.go:32: 服务器已启动，监听地址：http://localhost::8090
INFO: 2026/02/09 11:47:59 main.go:17: 日志记录器初始化成功
INFO: 2026/02/09 11:47:59 main.go:20: 正在连接数据库...
INFO: 2026/02/09 11:47:59 main.go:23: 数据库连接成功
INFO: 2026/02/09 11:47:59 main.go:26: 正在设置路由...
INFO: 2026/02/09 11:47:59 main.go:28: 路由设置成功
INFO: 2026/02/09 11:47:59 main.go:32: 服务器已启动，监听地址：http://localhost::8090
INFO: 2026/02/09 11:51:40 main.go:17: 日志记录器初始化成功
INFO: 2026/02/09 11:51:40 main.go:20: 正在连接数据库...
INFO: 2026/02/09 11:51:40 main.go:23: 数据库连接成功
INFO: 2026/02/09 11:51:40 main.go:26: 正在设置路由...
INFO: 2026/02/09 11:51:40 main.go:28: 路由设置成功
INFO: 2026/02/09 11:51:40 main.go:32: 服务器已启动，监听地址：http://localhost::8090
