DEBUG: 2026/02/10 08:25:49 user.go:38: 查询用户列表成功，总数: 13
INFO: 2026/02/10 08:25:57 user.go:131: 修改用户成功，用户ID: 1, 用户名: lzh123
DEBUG: 2026/02/10 08:26:32 user.go:38: 查询用户列表成功，总数: 13
INFO: 2026/02/10 08:26:37 user.go:131: 修改用户成功，用户ID: 1, 用户名: lzh123
DEBUG: 2026/02/10 08:27:38 user.go:38: 查询用户列表成功，总数: 13
ERROR: 2026/02/10 08:27:54 user.go:127: 数据库修改失败: 提交失败：你不能修改自己的用户状态
DEBUG: 2026/02/10 08:47:45 user.go:38: 查询用户列表成功，总数: 13
DEBUG: 2026/02/10 08:56:06 user.go:38: 查询用户列表成功，总数: 13
DEBUG: 2026/02/10 08:56:21 user.go:38: 查询用户列表成功，总数: 2
DEBUG: 2026/02/10 08:56:22 user.go:38: 查询用户列表成功，总数: 0
DEBUG: 2026/02/10 08:56:25 user.go:38: 查询用户列表成功，总数: 2
DEBUG: 2026/02/10 08:56:25 user.go:38: 查询用户列表成功，总数: 2
DEBUG: 2026/02/10 14:53:24 user.go:38: 查询用户列表成功，总数: 13
INFO: 2026/02/10 14:53:51 user.go:131: 修改用户成功，用户ID: 1, 用户名: lzh123
DEBUG: 2026/02/10 14:53:51 user.go:38: 查询用户列表成功，总数: 13
DEBUG: 2026/02/10 14:53:54 user.go:38: 查询用户列表成功，总数: 13
DEBUG: 2026/02/10 14:53:56 user.go:38: 查询用户列表成功，总数: 13
DEBUG: 2026/02/10 14:54:28 user.go:38: 查询用户列表成功，总数: 13
INFO: 2026/02/10 14:54:42 user.go:131: 修改用户成功，用户ID: 1, 用户名: lzh123
DEBUG: 2026/02/10 14:54:45 user.go:38: 查询用户列表成功，总数: 13
DEBUG: 2026/02/10 14:55:04 user.go:38: 查询用户列表成功，总数: 13
DEBUG: 2026/02/10 15:18:27 user.go:38: 查询用户列表成功，总数: 13
ERROR: 2026/02/10 15:18:51 user.go:127: 数据库修改失败: Error 1406 (22001): Data too long for column 'avatar' at row 1
DEBUG: 2026/02/10 15:21:09 user.go:38: 查询用户列表成功，总数: 13
ERROR: 2026/02/10 15:21:20 user.go:127: 数据库修改失败: Error 1406 (22001): Data too long for column 'avatar' at row 1
ERROR: 2026/02/10 15:21:23 user.go:127: 数据库修改失败: Error 1406 (22001): Data too long for column 'avatar' at row 1
DEBUG: 2026/02/10 15:21:26 user.go:38: 查询用户列表成功，总数: 13
DEBUG: 2026/02/10 15:21:27 user.go:38: 查询用户列表成功，总数: 13
DEBUG: 2026/02/10 15:21:28 user.go:38: 查询用户列表成功，总数: 13
INFO: 2026/02/10 15:21:48 user.go:131: 修改用户成功，用户ID: 1, 用户名: lzh123
DEBUG: 2026/02/10 15:21:51 user.go:38: 查询用户列表成功，总数: 13
ERROR: 2026/02/10 15:21:59 user.go:127: 数据库修改失败: Error 1406 (22001): Data too long for column 'avatar' at row 1
DEBUG: 2026/02/10 16:44:22 user.go:38: 查询用户列表成功，总数: 13
INFO: 2026/02/10 16:44:31 user.go:131: 修改用户成功，用户ID: 1, 用户名: lzh123
DEBUG: 2026/02/10 16:44:33 user.go:38: 查询用户列表成功，总数: 13
DEBUG: 2026/02/10 16:44:36 user.go:38: 查询用户列表成功，总数: 13
DEBUG: 2026/02/10 16:44:36 user.go:38: 查询用户列表成功，总数: 13
INFO: 2026/02/10 16:44:57 user.go:131: 修改用户成功，用户ID: 1, 用户名: lzh123
DEBUG: 2026/02/10 16:44:58 user.go:38: 查询用户列表成功，总数: 13
DEBUG: 2026/02/10 16:45:01 user.go:38: 查询用户列表成功，总数: 13
INFO: 2026/02/10 16:45:35 user.go:131: 修改用户成功，用户ID: 1, 用户名: lzh123
DEBUG: 2026/02/10 16:45:36 user.go:38: 查询用户列表成功，总数: 13
INFO: 2026/02/10 16:45:41 user.go:131: 修改用户成功，用户ID: 2, 用户名: ryh123
DEBUG: 2026/02/10 16:45:42 user.go:38: 查询用户列表成功，总数: 13
DEBUG: 2026/02/10 16:54:26 user.go:57: 查询用户列表成功，总数: 13
INFO: 2026/02/10 16:54:33 user.go:150: 修改用户成功，用户ID: 1, 用户名: lzh123
DEBUG: 2026/02/10 16:54:35 user.go:57: 查询用户列表成功，总数: 13
DEBUG: 2026/02/10 19:34:14 user.go:57: 查询用户列表成功，总数: 13
DEBUG: 2026/02/10 19:34:20 user.go:57: 查询用户列表成功，总数: 2
INFO: 2026/02/10 19:34:55 user.go:150: 修改用户成功，用户ID: 16, 用户名: wzx_123
DEBUG: 2026/02/10 19:34:57 user.go:57: 查询用户列表成功，总数: 2
INFO: 2026/02/10 19:34:59 user.go:150: 修改用户成功，用户ID: 16, 用户名: wzx_123
DEBUG: 2026/02/10 19:35:01 user.go:57: 查询用户列表成功，总数: 2
DEBUG: 2026/02/10 19:39:51 user.go:57: 查询用户列表成功，总数: 14
DEBUG: 2026/02/10 19:39:58 user.go:57: 查询用户列表成功，总数: 14
DEBUG: 2026/02/10 19:40:01 user.go:57: 查询用户列表成功，总数: 14
DEBUG: 2026/02/10 19:41:05 user.go:57: 查询用户列表成功，总数: 15
DEBUG: 2026/02/10 19:41:15 user.go:57: 查询用户列表成功，总数: 15
DEBUG: 2026/02/10 19:41:15 user.go:57: 查询用户列表成功，总数: 15
INFO: 2026/02/10 19:41:32 user.go:150: 修改用户成功，用户ID: 18, 用户名: qwer123456789
DEBUG: 2026/02/10 19:42:03 user.go:57: 查询用户列表成功，总数: 15
DEBUG: 2026/02/10 19:42:09 user.go:57: 查询用户列表成功，总数: 15
DEBUG: 2026/02/10 19:42:13 user.go:57: 查询用户列表成功，总数: 15
DEBUG: 2026/02/10 19:42:13 user.go:57: 查询用户列表成功，总数: 15
DEBUG: 2026/02/10 19:42:16 user.go:57: 查询用户列表成功，总数: 15
DEBUG: 2026/02/10 19:42:16 user.go:57: 查询用户列表成功，总数: 15
DEBUG: 2026/02/10 19:42:40 user.go:57: 查询用户列表成功，总数: 15
DEBUG: 2026/02/10 19:42:40 user.go:57: 查询用户列表成功，总数: 15
DEBUG: 2026/02/10 19:42:53 user.go:57: 查询用户列表成功，总数: 15
DEBUG: 2026/02/10 19:42:56 user.go:57: 查询用户列表成功，总数: 15
DEBUG: 2026/02/10 19:42:56 user.go:57: 查询用户列表成功，总数: 15
INFO: 2026/02/10 19:43:30 user.go:150: 修改用户成功，用户ID: 17, 用户名: fcy222
DEBUG: 2026/02/10 19:43:31 user.go:57: 查询用户列表成功，总数: 15
INFO: 2026/02/10 19:43:32 user.go:150: 修改用户成功，用户ID: 17, 用户名: fcy222
DEBUG: 2026/02/10 19:43:34 user.go:57: 查询用户列表成功，总数: 15
DEBUG: 2026/02/10 19:43:39 user.go:57: 查询用户列表成功，总数: 15
DEBUG: 2026/02/10 19:43:40 user.go:57: 查询用户列表成功，总数: 15
DEBUG: 2026/02/10 19:43:40 user.go:57: 查询用户列表成功，总数: 15
INFO: 2026/02/10 19:43:49 user.go:150: 修改用户成功，用户ID: 18, 用户名: qwer123456789
DEBUG: 2026/02/10 19:43:53 user.go:57: 查询用户列表成功，总数: 15
DEBUG: 2026/02/10 19:43:56 user.go:57: 查询用户列表成功，总数: 15
DEBUG: 2026/02/10 19:43:57 user.go:57: 查询用户列表成功，总数: 15
DEBUG: 2026/02/10 19:43:57 user.go:57: 查询用户列表成功，总数: 15
INFO: 2026/02/10 19:44:52 user.go:150: 修改用户成功，用户ID: 18, 用户名: qwer123456789
DEBUG: 2026/02/10 19:44:53 user.go:57: 查询用户列表成功，总数: 15
INFO: 2026/02/10 19:45:00 user.go:150: 修改用户成功，用户ID: 18, 用户名: qwer123456789
DEBUG: 2026/02/10 19:45:02 user.go:57: 查询用户列表成功，总数: 15
INFO: 2026/02/10 19:45:08 user.go:150: 修改用户成功，用户ID: 18, 用户名: qwer123456789
DEBUG: 2026/02/10 19:45:09 user.go:57: 查询用户列表成功，总数: 15
INFO: 2026/02/10 19:45:17 user.go:150: 修改用户成功，用户ID: 18, 用户名: qwer123456789
DEBUG: 2026/02/10 19:45:19 user.go:57: 查询用户列表成功，总数: 15
INFO: 2026/02/10 19:46:09 user.go:150: 修改用户成功，用户ID: 18, 用户名: qwer123456789
DEBUG: 2026/02/10 19:46:10 user.go:57: 查询用户列表成功，总数: 15
INFO: 2026/02/10 19:46:14 user.go:150: 修改用户成功，用户ID: 18, 用户名: qwer123456789
DEBUG: 2026/02/10 19:46:15 user.go:57: 查询用户列表成功，总数: 15
INFO: 2026/02/10 19:46:16 user.go:150: 修改用户成功，用户ID: 18, 用户名: qwer123456789
DEBUG: 2026/02/10 19:46:17 user.go:57: 查询用户列表成功，总数: 15
INFO: 2026/02/10 19:46:17 user.go:150: 修改用户成功，用户ID: 18, 用户名: qwer123456789
INFO: 2026/02/10 19:46:17 user.go:150: 修改用户成功，用户ID: 18, 用户名: qwer123456789
DEBUG: 2026/02/10 19:46:18 user.go:57: 查询用户列表成功，总数: 15
DEBUG: 2026/02/10 19:46:19 user.go:57: 查询用户列表成功，总数: 15
INFO: 2026/02/10 19:46:26 user.go:150: 修改用户成功，用户ID: 18, 用户名: qwer123456789
DEBUG: 2026/02/10 19:46:26 user.go:57: 查询用户列表成功，总数: 15
DEBUG: 2026/02/10 19:46:31 user.go:57: 查询用户列表成功，总数: 15
DEBUG: 2026/02/10 19:46:32 user.go:57: 查询用户列表成功，总数: 15
DEBUG: 2026/02/10 19:46:42 user.go:57: 查询用户列表成功，总数: 15
DEBUG: 2026/02/10 19:50:26 user.go:57: 查询用户列表成功，总数: 16
DEBUG: 2026/02/10 19:50:31 user.go:57: 查询用户列表成功，总数: 16
DEBUG: 2026/02/10 19:50:34 user.go:57: 查询用户列表成功，总数: 16
DEBUG: 2026/02/10 19:50:37 user.go:57: 查询用户列表成功，总数: 16
DEBUG: 2026/02/10 19:51:15 user.go:57: 查询用户列表成功，总数: 16
DEBUG: 2026/02/10 19:51:16 user.go:57: 查询用户列表成功，总数: 16
DEBUG: 2026/02/10 19:51:23 user.go:57: 查询用户列表成功，总数: 16
DEBUG: 2026/02/10 19:51:23 user.go:57: 查询用户列表成功，总数: 16
DEBUG: 2026/02/10 19:51:25 user.go:57: 查询用户列表成功，总数: 16
DEBUG: 2026/02/10 19:51:27 user.go:57: 查询用户列表成功，总数: 16
DEBUG: 2026/02/10 19:51:33 user.go:57: 查询用户列表成功，总数: 16
DEBUG: 2026/02/10 19:51:34 user.go:57: 查询用户列表成功，总数: 16
DEBUG: 2026/02/10 19:51:34 user.go:57: 查询用户列表成功，总数: 16
DEBUG: 2026/02/10 19:51:47 user.go:57: 查询用户列表成功，总数: 14
DEBUG: 2026/02/10 19:51:50 user.go:57: 查询用户列表成功，总数: 2
DEBUG: 2026/02/10 19:51:51 user.go:57: 查询用户列表成功，总数: 16
DEBUG: 2026/02/10 19:51:56 user.go:57: 查询用户列表成功，总数: 3
DEBUG: 2026/02/10 19:51:58 user.go:57: 查询用户列表成功，总数: 16
DEBUG: 2026/02/10 19:52:08 user.go:57: 查询用户列表成功，总数: 3
DEBUG: 2026/02/10 19:52:09 user.go:57: 查询用户列表成功，总数: 3
DEBUG: 2026/02/10 19:52:12 user.go:57: 查询用户列表成功，总数: 2
DEBUG: 2026/02/10 19:52:16 user.go:57: 查询用户列表成功，总数: 16
DEBUG: 2026/02/10 19:54:05 user.go:57: 查询用户列表成功，总数: 16
DEBUG: 2026/02/10 19:54:07 user.go:57: 查询用户列表成功，总数: 16
DEBUG: 2026/02/10 19:54:07 user.go:57: 查询用户列表成功，总数: 16
DEBUG: 2026/02/10 19:54:27 user.go:57: 查询用户列表成功，总数: 16
DEBUG: 2026/02/10 19:54:39 user.go:57: 查询用户列表成功，总数: 16
DEBUG: 2026/02/10 19:54:46 user.go:57: 查询用户列表成功，总数: 16
DEBUG: 2026/02/10 19:54:47 user.go:57: 查询用户列表成功，总数: 16
DEBUG: 2026/02/10 19:54:48 user.go:57: 查询用户列表成功，总数: 16
DEBUG: 2026/02/10 19:54:49 user.go:57: 查询用户列表成功，总数: 16
DEBUG: 2026/02/10 19:54:49 user.go:57: 查询用户列表成功，总数: 16
INFO: 2026/02/10 19:55:17 user.go:211: 删除用户成功，用户ID: 1, 影响行数: 1
DEBUG: 2026/02/10 19:58:22 user.go:57: 查询用户列表成功，总数: 15
DEBUG: 2026/02/10 19:58:28 user.go:57: 查询用户列表成功，总数: 15
DEBUG: 2026/02/10 19:58:29 user.go:57: 查询用户列表成功，总数: 15
DEBUG: 2026/02/10 19:58:33 user.go:57: 查询用户列表成功，总数: 15
DEBUG: 2026/02/10 19:58:34 user.go:57: 查询用户列表成功，总数: 15
DEBUG: 2026/02/10 20:01:30 user.go:57: 查询用户列表成功，总数: 15
DEBUG: 2026/02/10 20:01:30 user.go:57: 查询用户列表成功，总数: 15
DEBUG: 2026/02/10 20:08:23 user.go:57: 查询用户列表成功，总数: 15
