DEBUG: 2026/02/09 13:02:47 user.go:38: 查询用户列表成功，总数: 10
DEBUG: 2026/02/09 13:06:09 user.go:38: 查询用户列表成功，总数: 10
DEBUG: 2026/02/09 13:11:15 user.go:38: 查询用户列表成功，总数: 10
DEBUG: 2026/02/09 13:11:17 user.go:38: 查询用户列表成功，总数: 10
DEBUG: 2026/02/09 13:11:18 user.go:38: 查询用户列表成功，总数: 10
DEBUG: 2026/02/09 13:11:22 user.go:38: 查询用户列表成功，总数: 0
DEBUG: 2026/02/09 13:11:23 user.go:38: 查询用户列表成功，总数: 3
DEBUG: 2026/02/09 13:11:25 user.go:38: 查询用户列表成功，总数: 10
INFO: 2026/02/09 13:11:52 user.go:114: 修改用户成功，用户ID: 2, 用户名: ryh123
DEBUG: 2026/02/09 13:14:43 user.go:38: 查询用户列表成功，总数: 10
DEBUG: 2026/02/09 13:14:45 user.go:38: 查询用户列表成功，总数: 10
INFO: 2026/02/09 13:14:53 user.go:114: 修改用户成功，用户ID: 1, 用户名: lzh123
DEBUG: 2026/02/09 13:20:36 user.go:38: 查询用户列表成功，总数: 10
DEBUG: 2026/02/09 13:31:31 user.go:38: 查询用户列表成功，总数: 10
DEBUG: 2026/02/09 13:32:25 user.go:38: 查询用户列表成功，总数: 10
INFO: 2026/02/09 13:32:30 user.go:114: 修改用户成功，用户ID: 1, 用户名: lzh123
DEBUG: 2026/02/09 13:43:36 user.go:38: 查询用户列表成功，总数: 10
INFO: 2026/02/09 13:43:41 user.go:114: 修改用户成功，用户ID: 3, 用户名: xyx123
DEBUG: 2026/02/09 13:45:57 user.go:38: 查询用户列表成功，总数: 10
INFO: 2026/02/09 13:46:00 user.go:114: 修改用户成功，用户ID: 1, 用户名: lzh123
DEBUG: 2026/02/09 14:26:04 user.go:38: 查询用户列表成功，总数: 10
INFO: 2026/02/09 14:26:07 user.go:114: 修改用户成功，用户ID: 1, 用户名: lzh123
DEBUG: 2026/02/09 14:26:08 user.go:38: 查询用户列表成功，总数: 10
INFO: 2026/02/09 14:26:13 user.go:114: 修改用户成功，用户ID: 1, 用户名: lzh123
DEBUG: 2026/02/09 20:26:38 user.go:39: 查询用户列表成功，总数: 12
DEBUG: 2026/02/09 20:26:44 user.go:39: 查询用户列表成功，总数: 12
INFO: 2026/02/09 20:26:49 user.go:115: 修改用户成功，用户ID: 8, 用户名: lzh456
DEBUG: 2026/02/09 20:26:51 user.go:39: 查询用户列表成功，总数: 12
DEBUG: 2026/02/09 20:32:11 user.go:39: 查询用户列表成功，总数: 12
DEBUG: 2026/02/09 20:32:17 user.go:39: 查询用户列表成功，总数: 12
DEBUG: 2026/02/09 20:42:24 user.go:39: 查询用户列表成功，总数: 12
DEBUG: 2026/02/09 20:42:30 user.go:39: 查询用户列表成功，总数: 12
DEBUG: 2026/02/09 20:42:47 user.go:39: 查询用户列表成功，总数: 12
DEBUG: 2026/02/09 20:42:49 user.go:39: 查询用户列表成功，总数: 12
DEBUG: 2026/02/09 20:42:56 user.go:39: 查询用户列表成功，总数: 12
DEBUG: 2026/02/09 21:02:41 user.go:39: 查询用户列表成功，总数: 12
DEBUG: 2026/02/09 21:02:43 user.go:39: 查询用户列表成功，总数: 12
DEBUG: 2026/02/09 21:02:44 user.go:39: 查询用户列表成功，总数: 12
DEBUG: 2026/02/09 21:22:20 user.go:39: 查询用户列表成功，总数: 13
DEBUG: 2026/02/09 21:22:27 user.go:39: 查询用户列表成功，总数: 13
DEBUG: 2026/02/09 21:22:36 user.go:39: 查询用户列表成功，总数: 13
INFO: 2026/02/09 21:22:47 user.go:115: 修改用户成功，用户ID: 16, 用户名: wzx_123
DEBUG: 2026/02/09 21:23:47 user.go:39: 查询用户列表成功，总数: 13
DEBUG: 2026/02/09 21:23:49 user.go:39: 查询用户列表成功，总数: 13
DEBUG: 2026/02/09 21:23:50 user.go:39: 查询用户列表成功，总数: 13
DEBUG: 2026/02/09 21:24:22 user.go:39: 查询用户列表成功，总数: 2
DEBUG: 2026/02/09 21:24:24 user.go:39: 查询用户列表成功，总数: 11
DEBUG: 2026/02/09 21:24:26 user.go:39: 查询用户列表成功，总数: 13
DEBUG: 2026/02/09 21:24:54 user.go:39: 查询用户列表成功，总数: 13
DEBUG: 2026/02/09 21:29:24 user.go:39: 查询用户列表成功，总数: 13
